Copyright 1986-2017 Xilinx, Inc. All Rights Reserved.
------------------------------------------------------------------------------------
| Tool Version : Vivado v.2017.4 (win64) Build 2086221 Fri Dec 15 20:55:39 MST 2017
| Date         : Fri Jan  1 18:32:23 2021
| Host         : Zeng-Desktop running 64-bit major release  (build 9200)
| Command      : upgrade_ip
| Device       : xc7z020clg400-2
------------------------------------------------------------------------------------

Upgrade Log for IP 'design_1_PDM_decoder_0_1'

1. Summary
----------

SUCCESS in the upgrade of design_1_PDM_decoder_0_1 (xilinx.com:user:PDM_decoder:1.0) from (Rev. 3) to (Rev. 4)






Copyright 1986-2017 Xilinx, Inc. All Rights Reserved.
------------------------------------------------------------------------------------
| Tool Version : Vivado v.2017.4 (win64) Build 2086221 Fri Dec 15 20:55:39 MST 2017
| Date         : Wed Dec  9 23:06:33 2020
| Host         : Zeng-Desktop running 64-bit major release  (build 9200)
| Command      : upgrade_ip
| Device       : xc7z020clg400-2
------------------------------------------------------------------------------------

Upgrade Log for IP 'design_1_PDM_decoder_0_1'

1. Summary
----------

SUCCESS in the conversion of design_1_PDM_decoder_0_1 (xilinx.com:user:PDM_decoder:1.0 (Rev. 3)) to Vivado generation flows.

