#-----------------------------------------------------------
# Vivado v2017.4 (64-bit)
# SW Build 2086221 on Fri Dec 15 20:55:39 MST 2017
# IP Build 2085800 on Fri Dec 15 22:25:07 MST 2017
# Start of session at: Sat Dec 26 18:14:06 2020
# Process ID: 95996
# Current directory: C:/Users/IRON/Desktop/MIC2SD
# Command line: vivado.exe -gui_launcher_event rodinguilauncherevent65824 C:\Users\IRON\Desktop\MIC2SD\MIC2SD.xpr
# Log file: C:/Users/IRON/Desktop/MIC2SD/vivado.log
# Journal file: C:/Users/IRON/Desktop/MIC2SD\vivado.jou
#-----------------------------------------------------------
start_gui
open_project C:/Users/IRON/Desktop/MIC2SD/MIC2SD.xpr
Scanning sources...
Finished scanning sources
INFO: [IP_Flow 19-234] Refreshing IP repositories
INFO: [IP_Flow 19-1700] Loaded user IP repository 'c:/Users/IRON/Desktop/MIC2SD/ip_repo/PDM_decoder_1.0'.
INFO: [IP_Flow 19-2313] Loaded Vivado IP repository 'D:/Xilinx/Vivado/2017.4/data/ip'.
open_project: Time (s): cpu = 00:00:32 ; elapsed = 00:00:37 . Memory (MB): peak = 886.820 ; gain = 193.508
update_compile_order -fileset sources_1
exit
INFO: [Common 17-206] Exiting Vivado at Sat Dec 26 18:16:03 2020...
