#-----------------------------------------------------------
# Vivado v2017.4 (64-bit)
# SW Build 2086221 on Fri Dec 15 20:55:39 MST 2017
# IP Build 2085800 on Fri Dec 15 22:25:07 MST 2017
# Start of session at: Fri Jan  1 18:28:45 2021
# Process ID: 217632
# Current directory: C:/Users/IRON/Desktop/MIC2SD
# Command line: vivado.exe -gui_launcher_event rodinguilauncherevent55104 C:\Users\IRON\Desktop\MIC2SD\MIC2SD.xpr
# Log file: C:/Users/IRON/Desktop/MIC2SD/vivado.log
# Journal file: C:/Users/IRON/Desktop/MIC2SD\vivado.jou
#-----------------------------------------------------------
start_gui
open_project C:/Users/IRON/Desktop/MIC2SD/MIC2SD.xpr
Scanning sources...
Finished scanning sources
INFO: [IP_Flow 19-234] Refreshing IP repositories
INFO: [IP_Flow 19-1700] Loaded user IP repository 'c:/Users/IRON/Desktop/MIC2SD/ip_repo/PDM_decoder_1.0'.
INFO: [IP_Flow 19-2313] Loaded Vivado IP repository 'D:/Xilinx/Vivado/2017.4/data/ip'.
open_project: Time (s): cpu = 00:00:35 ; elapsed = 00:00:24 . Memory (MB): peak = 956.574 ; gain = 229.664
update_compile_order -fileset sources_1
open_bd_design {C:/Users/IRON/Desktop/MIC2SD/MIC2SD.srcs/sources_1/bd/design_1/design_1.bd}
Adding cell -- xilinx.com:ip:processing_system7:5.5 - processing_system7_0
Adding cell -- xilinx.com:ip:proc_sys_reset:5.0 - rst_ps7_0_240M
Adding cell -- xilinx.com:user:PDM_decoder:1.0 - PDM_decoder_0
Adding cell -- xilinx.com:ip:system_ila:1.1 - system_ila_0
Adding cell -- xilinx.com:ip:axi_protocol_converter:2.1 - auto_pc
Successfully read diagram <design_1> from BD file <C:/Users/IRON/Desktop/MIC2SD/MIC2SD.srcs/sources_1/bd/design_1/design_1.bd>
open_bd_design: Time (s): cpu = 00:00:20 ; elapsed = 00:00:23 . Memory (MB): peak = 1020.262 ; gain = 63.688
ipx::edit_ip_in_project -upgrade true -name PDM_decoder_v1_0_project -directory C:/Users/IRON/Desktop/MIC2SD/MIC2SD.tmp/PDM_decoder_v1_0_project c:/Users/IRON/Desktop/MIC2SD/ip_repo/PDM_decoder_1.0/component.xml
INFO: [IP_Flow 19-234] Refreshing IP repositories
INFO: [IP_Flow 19-1704] No user IP repositories specified
INFO: [IP_Flow 19-2313] Loaded Vivado IP repository 'D:/Xilinx/Vivado/2017.4/data/ip'.
create_project: Time (s): cpu = 00:00:14 ; elapsed = 00:00:08 . Memory (MB): peak = 1046.625 ; gain = 22.574
INFO: [IP_Flow 19-234] Refreshing IP repositories
INFO: [IP_Flow 19-1700] Loaded user IP repository 'c:/Users/IRON/Desktop/MIC2SD/ip_repo/PDM_decoder_1.0'.
INFO: [IP_Flow 19-795] Syncing license key meta-data
ipx::edit_ip_in_project: Time (s): cpu = 00:00:21 ; elapsed = 00:00:13 . Memory (MB): peak = 1059.871 ; gain = 35.820
update_compile_order -fileset sources_1
ipx::merge_project_changes files [ipx::current_core]
set_property core_revision 4 [ipx::current_core]
ipx::create_xgui_files [ipx::current_core]
ipx::update_checksums [ipx::current_core]
ipx::save_core [ipx::current_core]
close_project -delete
update_ip_catalog -rebuild -repo_path c:/Users/IRON/Desktop/MIC2SD/ip_repo/PDM_decoder_1.0
INFO: [IP_Flow 19-725] Reloaded user IP repository 'c:/Users/IRON/Desktop/MIC2SD/ip_repo/PDM_decoder_1.0'
report_ip_status -name ip_status 
upgrade_ip -vlnv xilinx.com:user:PDM_decoder:1.0 [get_ips  design_1_PDM_decoder_0_1] -log ip_upgrade.log
Upgrading 'C:/Users/IRON/Desktop/MIC2SD/MIC2SD.srcs/sources_1/bd/design_1/design_1.bd'
INFO: [IP_Flow 19-3422] Upgraded design_1_PDM_decoder_0_1 (PDM_decoder_v1.0 1.0) from revision 3 to revision 4
Wrote  : <C:/Users/IRON/Desktop/MIC2SD/MIC2SD.srcs/sources_1/bd/design_1/design_1.bd> 
Wrote  : <C:/Users/IRON/Desktop/MIC2SD/MIC2SD.srcs/sources_1/bd/design_1/ui/bd_1f5defd0.ui> 
INFO: [Coretcl 2-1525] Wrote upgrade log to 'C:/Users/IRON/Desktop/MIC2SD/ip_upgrade.log'.
upgrade_ip: Time (s): cpu = 00:00:08 ; elapsed = 00:00:08 . Memory (MB): peak = 1083.918 ; gain = 5.461
export_ip_user_files -of_objects [get_ips design_1_PDM_decoder_0_1] -no_script -sync -force -quiet
generate_target all [get_files  C:/Users/IRON/Desktop/MIC2SD/MIC2SD.srcs/sources_1/bd/design_1/design_1.bd]
INFO: [Device 21-403] Loading part xc7z020clg400-2
Wrote  : <C:/Users/IRON/Desktop/MIC2SD/MIC2SD.srcs/sources_1/bd/design_1/design_1.bd> 
VHDL Output written to : C:/Users/IRON/Desktop/MIC2SD/MIC2SD.srcs/sources_1/bd/design_1/synth/design_1.v
VHDL Output written to : C:/Users/IRON/Desktop/MIC2SD/MIC2SD.srcs/sources_1/bd/design_1/sim/design_1.v
VHDL Output written to : C:/Users/IRON/Desktop/MIC2SD/MIC2SD.srcs/sources_1/bd/design_1/hdl/design_1_wrapper.v
INFO: [BD 41-1029] Generation completed for the IP Integrator block processing_system7_0 .
INFO: [BD 41-1029] Generation completed for the IP Integrator block PDM_decoder_0 .
INFO: [BD 41-1029] Generation completed for the IP Integrator block rst_ps7_0_240M .
Exporting to file c:/Users/IRON/Desktop/MIC2SD/MIC2SD.srcs/sources_1/bd/design_1/ip/design_1_system_ila_0_0/bd_0/hw_handoff/design_1_system_ila_0_0.hwh
Generated Block Design Tcl file c:/Users/IRON/Desktop/MIC2SD/MIC2SD.srcs/sources_1/bd/design_1/ip/design_1_system_ila_0_0/bd_0/hw_handoff/design_1_system_ila_0_0_bd.tcl
Generated Hardware Definition File c:/Users/IRON/Desktop/MIC2SD/MIC2SD.srcs/sources_1/bd/design_1/ip/design_1_system_ila_0_0/bd_0/synth/design_1_system_ila_0_0.hwdef
INFO: [BD 41-1029] Generation completed for the IP Integrator block system_ila_0 .
WARNING: [IP_Flow 19-4994] Overwriting existing constraint file 'c:/Users/IRON/Desktop/MIC2SD/MIC2SD.srcs/sources_1/bd/design_1/ip/design_1_auto_pc_0/design_1_auto_pc_0_ooc.xdc'
INFO: [BD 41-1029] Generation completed for the IP Integrator block ps7_0_axi_periph/s00_couplers/auto_pc .
Exporting to file C:/Users/IRON/Desktop/MIC2SD/MIC2SD.srcs/sources_1/bd/design_1/hw_handoff/design_1.hwh
Generated Block Design Tcl file C:/Users/IRON/Desktop/MIC2SD/MIC2SD.srcs/sources_1/bd/design_1/hw_handoff/design_1_bd.tcl
Generated Hardware Definition File C:/Users/IRON/Desktop/MIC2SD/MIC2SD.srcs/sources_1/bd/design_1/synth/design_1.hwdef
generate_target: Time (s): cpu = 00:00:53 ; elapsed = 00:01:08 . Memory (MB): peak = 1490.965 ; gain = 407.047
catch { config_ip_cache -export [get_ips -all design_1_PDM_decoder_0_1] }
catch { config_ip_cache -export [get_ips -all design_1_auto_pc_0] }
INFO: [IP_Flow 19-4993] Using cached IP synthesis design for IP design_1_auto_pc_0, cache-ID = e16b87b9952668ae; cache size = 26.053 MB.
export_ip_user_files -of_objects [get_files C:/Users/IRON/Desktop/MIC2SD/MIC2SD.srcs/sources_1/bd/design_1/design_1.bd] -no_script -sync -force -quiet
create_ip_run [get_files -of_objects [get_fileset sources_1] C:/Users/IRON/Desktop/MIC2SD/MIC2SD.srcs/sources_1/bd/design_1/design_1.bd]
launch_runs -jobs 12 design_1_PDM_decoder_0_1_synth_1
[Fri Jan  1 18:33:49 2021] Launched design_1_PDM_decoder_0_1_synth_1...
Run output will be captured here: C:/Users/IRON/Desktop/MIC2SD/MIC2SD.runs/design_1_PDM_decoder_0_1_synth_1/runme.log
export_simulation -of_objects [get_files C:/Users/IRON/Desktop/MIC2SD/MIC2SD.srcs/sources_1/bd/design_1/design_1.bd] -directory C:/Users/IRON/Desktop/MIC2SD/MIC2SD.ip_user_files/sim_scripts -ip_user_files_dir C:/Users/IRON/Desktop/MIC2SD/MIC2SD.ip_user_files -ipstatic_source_dir C:/Users/IRON/Desktop/MIC2SD/MIC2SD.ip_user_files/ipstatic -lib_map_path [list {modelsim=C:/Users/IRON/Desktop/MIC2SD/MIC2SD.cache/compile_simlib/modelsim} {questa=C:/Users/IRON/Desktop/MIC2SD/MIC2SD.cache/compile_simlib/questa} {riviera=C:/Users/IRON/Desktop/MIC2SD/MIC2SD.cache/compile_simlib/riviera} {activehdl=C:/Users/IRON/Desktop/MIC2SD/MIC2SD.cache/compile_simlib/activehdl}] -use_ip_compiled_libs -force -quiet
report_ip_status -name ip_status 
make_wrapper -files [get_files C:/Users/IRON/Desktop/MIC2SD/MIC2SD.srcs/sources_1/bd/design_1/design_1.bd] -top
reset_run synth_1
launch_runs impl_1 -to_step write_bitstream -jobs 12
[Fri Jan  1 18:41:52 2021] Launched synth_1...
Run output will be captured here: C:/Users/IRON/Desktop/MIC2SD/MIC2SD.runs/synth_1/runme.log
[Fri Jan  1 18:41:53 2021] Launched impl_1...
Run output will be captured here: C:/Users/IRON/Desktop/MIC2SD/MIC2SD.runs/impl_1/runme.log
launch_sdk -workspace C:/Users/IRON/Desktop/MIC2SD/MIC2SD.sdk -hwspec C:/Users/IRON/Desktop/MIC2SD/MIC2SD.sdk/design_1_wrapper.hdf
INFO: [Vivado 12-393] Launching SDK...
INFO: [Vivado 12-417] Running xsdk -workspace C:/Users/IRON/Desktop/MIC2SD/MIC2SD.sdk -hwspec C:/Users/IRON/Desktop/MIC2SD/MIC2SD.sdk/design_1_wrapper.hdf
INFO: [Vivado 12-3157] SDK launch initiated. Please check console for any further messages.
exit
INFO: [Common 17-206] Exiting Vivado at Fri Jan  1 18:57:16 2021...
