#-----------------------------------------------------------
# Vivado v2017.4 (64-bit)
# SW Build 2086221 on Fri Dec 15 20:55:39 MST 2017
# IP Build 2085800 on Fri Dec 15 22:25:07 MST 2017
# Start of session at: Mon Jan  4 21:31:57 2021
# Process ID: 235656
# Current directory: C:/Users/IRON/Desktop/MIC2SD
# Command line: vivado.exe -gui_launcher_event rodinguilauncherevent235700 C:\Users\IRON\Desktop\MIC2SD\MIC2SD.xpr
# Log file: C:/Users/IRON/Desktop/MIC2SD/vivado.log
# Journal file: C:/Users/IRON/Desktop/MIC2SD\vivado.jou
#-----------------------------------------------------------
start_gui
open_project C:/Users/IRON/Desktop/MIC2SD/MIC2SD.xpr
Scanning sources...
Finished scanning sources
INFO: [IP_Flow 19-234] Refreshing IP repositories
INFO: [IP_Flow 19-1700] Loaded user IP repository 'c:/Users/IRON/Desktop/MIC2SD/ip_repo/PDM_decoder_1.0'.
INFO: [IP_Flow 19-2313] Loaded Vivado IP repository 'D:/Xilinx/Vivado/2017.4/data/ip'.
open_project: Time (s): cpu = 00:00:21 ; elapsed = 00:00:26 . Memory (MB): peak = 888.230 ; gain = 212.523
update_compile_order -fileset sources_1
exit
INFO: [Common 17-206] Exiting Vivado at Mon Jan  4 21:56:54 2021...
