#-----------------------------------------------------------
# Vivado v2017.4 (64-bit)
# SW Build 2086221 on Fri Dec 15 20:55:39 MST 2017
# IP Build 2085800 on Fri Dec 15 22:25:07 MST 2017
# Start of session at: Mon Jan 11 11:34:48 2021
# Process ID: 25376
# Current directory: C:/Users/IRON/Desktop/MIC2SD
# Command line: vivado.exe -gui_launcher_event rodinguilauncherevent26164 C:\Users\IRON\Desktop\MIC2SD\MIC2SD.xpr
# Log file: C:/Users/IRON/Desktop/MIC2SD/vivado.log
# Journal file: C:/Users/IRON/Desktop/MIC2SD\vivado.jou
#-----------------------------------------------------------
start_gui
open_project C:/Users/IRON/Desktop/MIC2SD/MIC2SD.xpr
Scanning sources...
Finished scanning sources
INFO: [IP_Flow 19-234] Refreshing IP repositories
INFO: [IP_Flow 19-1700] Loaded user IP repository 'c:/Users/IRON/Desktop/MIC2SD/ip_repo/PDM_decoder_1.0'.
INFO: [IP_Flow 19-2313] Loaded Vivado IP repository 'D:/Xilinx/Vivado/2017.4/data/ip'.
open_project: Time (s): cpu = 00:00:19 ; elapsed = 00:00:31 . Memory (MB): peak = 867.020 ; gain = 201.684
update_compile_order -fileset sources_1
open_bd_design {C:/Users/IRON/Desktop/MIC2SD/MIC2SD.srcs/sources_1/bd/design_1/design_1.bd}
Adding cell -- xilinx.com:ip:processing_system7:5.5 - processing_system7_0
Adding cell -- xilinx.com:ip:proc_sys_reset:5.0 - rst_ps7_0_240M
Adding cell -- xilinx.com:ip:system_ila:1.1 - system_ila_0
Adding cell -- xilinx.com:user:PDM_decoder:1.0 - PDM_decoder_0
Adding cell -- xilinx.com:ip:axi_protocol_converter:2.1 - auto_pc
Successfully read diagram <design_1> from BD file <C:/Users/IRON/Desktop/MIC2SD/MIC2SD.srcs/sources_1/bd/design_1/design_1.bd>
open_bd_design: Time (s): cpu = 00:00:15 ; elapsed = 00:00:16 . Memory (MB): peak = 982.012 ; gain = 85.934
launch_sdk -workspace C:/Users/IRON/Desktop/MIC2SD/MIC2SD.sdk -hwspec C:/Users/IRON/Desktop/MIC2SD/MIC2SD.sdk/design_1_wrapper.hdf
INFO: [Vivado 12-393] Launching SDK...
INFO: [Vivado 12-417] Running xsdk -workspace C:/Users/IRON/Desktop/MIC2SD/MIC2SD.sdk -hwspec C:/Users/IRON/Desktop/MIC2SD/MIC2SD.sdk/design_1_wrapper.hdf
INFO: [Vivado 12-3157] SDK launch initiated. Please check console for any further messages.
exit
INFO: [Common 17-206] Exiting Vivado at Mon Jan 11 12:01:33 2021...
